<?xml version="1.0" encoding="UTF-8"?>
<!-- Generated by org.testng.reporters.JUnitReportReporter -->
<testsuite hostname="INH-LT11" name="testsuite.Move_from_Event__Event_Node_5__to_Activity__AddTeamMembers_" tests="1" failures="0" timestamp="5 Jul 2021 06:35:19 GMT" time="89.021" errors="0">
  <testcase name="test" time="89.021" classname="testsuite.Move_from_Event__Event_Node_5__to_Activity__AddTeamMembers_"/>
</testsuite> <!-- testsuite.Move_from_Event__Event_Node_5__to_Activity__AddTeamMembers_ -->
