<?xml version="1.0" encoding="UTF-8"?>
<!-- Generated by org.testng.reporters.JUnitReportReporter -->
<testsuite hostname="INH-LT11" name="testsuite.Node_Activity__CreateAPeerTask_" tests="1" failures="0" timestamp="5 Jul 2021 07:28:38 GMT" time="160.317" errors="0">
  <testcase name="test" time="160.317" classname="testsuite.Node_Activity__CreateAPeerTask_"/>
</testsuite> <!-- testsuite.Node_Activity__CreateAPeerTask_ -->
