<?xml version="1.0" encoding="UTF-8"?>
<!-- Generated by org.testng.reporters.JUnitReportReporter -->
<testsuite hostname="INH-LT11" name="testsuite.Node_Activity__UpdateTaskServiceType_" tests="1" failures="0" timestamp="6 Jul 2021 10:58:04 GMT" time="168.062" errors="0">
  <testcase name="test" time="168.062" classname="testsuite.Node_Activity__UpdateTaskServiceType_"/>
</testsuite> <!-- testsuite.Node_Activity__UpdateTaskServiceType_ -->
