<?xml version="1.0" encoding="UTF-8"?>
<!-- Generated by org.testng.reporters.JUnitReportReporter -->
<testsuite hostname="INH-LT11" name="testsuite.Node_Activity__AmendingTheContract" tests="1" failures="0" timestamp="7 Jul 2021 07:28:27 GMT" time="179.376" errors="0">
  <testcase name="test" time="179.376" classname="testsuite.Node_Activity__AmendingTheContract"/>
</testsuite> <!-- testsuite.Node_Activity__AmendingTheContract -->
