<?xml version="1.0" encoding="UTF-8"?>
<!-- Generated by org.testng.reporters.JUnitReportReporter -->
<testsuite hostname="INH-LT11" name="testsuite.Node_Activity__ProjectManagementHomePage_" tests="1" failures="0" timestamp="7 Jul 2021 09:45:23 GMT" time="107.148" errors="0">
  <testcase name="test" time="107.148" classname="testsuite.Node_Activity__ProjectManagementHomePage_"/>
</testsuite> <!-- testsuite.Node_Activity__ProjectManagementHomePage_ -->
