<?xml version="1.0" encoding="UTF-8"?>
<!-- Generated by org.testng.reporters.JUnitReportReporter -->
<testsuite hostname="INH-LT11" name="testsuite.Node_Activity__ImportCosts_" tests="1" failures="0" timestamp="8 Jul 2021 08:26:06 GMT" time="67.853" errors="0">
  <testcase name="test" time="67.853" classname="testsuite.Node_Activity__ImportCosts_"/>
</testsuite> <!-- testsuite.Node_Activity__ImportCosts_ -->
