<?xml version="1.0" encoding="UTF-8"?>
<!-- Generated by org.testng.reporters.JUnitReportReporter -->
<testsuite hostname="INH-LT11" name="testsuite.Node_Activity__CaptureAndPublishProjectProgress_" tests="1" failures="0" timestamp="5 Jul 2021 07:03:57 GMT" time="134.069" errors="0">
  <testcase name="test" time="134.069" classname="testsuite.Node_Activity__CaptureAndPublishProjectProgress_"/>
</testsuite> <!-- testsuite.Node_Activity__CaptureAndPublishProjectProgress_ -->
