<?xml version="1.0" encoding="UTF-8"?>
<!-- Generated by org.testng.reporters.JUnitReportReporter -->
<testsuite hostname="INH-LT11" name="testsuite.ApproveProjectStatusChange" tests="1" failures="0" timestamp="5 Jul 2021 06:20:58 GMT" time="94.224" errors="0">
  <testcase name="test" time="94.224" classname="testsuite.ApproveProjectStatusChange"/>
</testsuite> <!-- testsuite.ApproveProjectStatusChange -->
