<?xml version="1.0" encoding="UTF-8"?>
<!-- Generated by org.testng.reporters.JUnitReportReporter -->
<testsuite hostname="INH-LT11" name="testsuite.Node_Activity__CreateAccounting_" tests="1" failures="0" timestamp="5 Jul 2021 07:07:48 GMT" time="54.642" errors="0">
  <testcase name="test" time="54.642" classname="testsuite.Node_Activity__CreateAccounting_"/>
</testsuite> <!-- testsuite.Node_Activity__CreateAccounting_ -->
