<?xml version="1.0" encoding="UTF-8"?>
<!-- Generated by org.testng.reporters.JUnitReportReporter -->
<testsuite hostname="INH-LT11" name="testsuite.Node_Activity__ManageUnprocessedTransactions_" tests="1" failures="0" timestamp="6 Jul 2021 07:42:07 GMT" time="66.413" errors="0">
  <testcase name="test" time="66.413" classname="testsuite.Node_Activity__ManageUnprocessedTransactions_"/>
</testsuite> <!-- testsuite.Node_Activity__ManageUnprocessedTransactions_ -->
