<?xml version="1.0" encoding="UTF-8"?>
<!-- Generated by org.testng.reporters.JUnitReportReporter -->
<testsuite hostname="INH-LT11" name="testsuite.Node_Activity__AddFinResurcesToATask_" tests="1" failures="0" timestamp="5 Jul 2021 06:40:06 GMT" time="116.846" errors="0">
  <testcase name="test" time="116.846" classname="testsuite.Node_Activity__AddFinResurcesToATask_"/>
</testsuite> <!-- testsuite.Node_Activity__AddFinResurcesToATask_ -->
