<?xml version="1.0" encoding="UTF-8"?>
<!-- Generated by org.testng.reporters.JUnitReportReporter -->
<testsuite hostname="INH-LT11" name="testsuite.Node_Activity__ReviewProjectCost_" tests="1" failures="0" timestamp="6 Jul 2021 07:23:55 GMT" time="78.086" errors="0">
  <testcase name="test" time="78.086" classname="testsuite.Node_Activity__ReviewProjectCost_"/>
</testsuite> <!-- testsuite.Node_Activity__ReviewProjectCost_ -->
