<?xml version="1.0" encoding="UTF-8"?>
<!-- Generated by org.testng.reporters.JUnitReportReporter -->
<testsuite hostname="INH-LT11" name="testsuite.Actions___Costing" tests="1" failures="0" timestamp="8 Jul 2021 07:35:14 GMT" time="71.676" errors="0">
  <testcase name="test" time="71.676" classname="testsuite.Actions___Costing"/>
</testsuite> <!-- testsuite.Actions___Costing -->
