<?xml version="1.0" encoding="UTF-8"?>
<!-- Generated by org.testng.reporters.JUnitReportReporter -->
<testsuite hostname="INH-LT11" name="testsuite.UpdateProjectStatus" tests="1" failures="0" timestamp="5 Jul 2021 09:04:00 GMT" time="85.708" errors="0">
  <testcase name="test" time="85.708" classname="testsuite.UpdateProjectStatus"/>
</testsuite> <!-- testsuite.UpdateProjectStatus -->
