<?xml version="1.0" encoding="UTF-8"?>
<!-- Generated by org.testng.reporters.JUnitReportReporter -->
<testsuite hostname="INH-LT11" name="testsuite.Node_Activity__UpdateProjectDetails_" tests="1" failures="0" timestamp="6 Jul 2021 09:28:15 GMT" time="154.343" errors="0">
  <testcase name="test" time="154.343" classname="testsuite.Node_Activity__UpdateProjectDetails_"/>
</testsuite> <!-- testsuite.Node_Activity__UpdateProjectDetails_ -->
