<?xml version="1.0" encoding="UTF-8"?>
<!-- Generated by org.testng.reporters.JUnitReportReporter -->
<testsuite hostname="INH-LT11" name="testsuite.Node_Activity__UpdateProjectClassification_" tests="1" failures="0" timestamp="6 Jul 2021 08:03:11 GMT" time="83.587" errors="0">
  <testcase name="test" time="83.587" classname="testsuite.Node_Activity__UpdateProjectClassification_"/>
</testsuite> <!-- testsuite.Node_Activity__UpdateProjectClassification_ -->
