<?xml version="1.0" encoding="UTF-8"?>
<!-- Generated by org.testng.reporters.JUnitReportReporter -->
<testsuite hostname="INH-LT11" name="testsuite.Node_Activity__UpdateContractAssignmentOverrides" tests="1" failures="0" timestamp="5 Jul 2021 11:15:02 GMT" time="83.067" errors="0">
  <testcase name="test" time="83.067" classname="testsuite.Node_Activity__UpdateContractAssignmentOverrides"/>
</testsuite> <!-- testsuite.Node_Activity__UpdateContractAssignmentOverrides -->
