<?xml version="1.0" encoding="UTF-8"?>
<!-- Generated by org.testng.reporters.JUnitReportReporter -->
<testsuite hostname="INH-LT11" name="testsuite.Node_Activity__TransferCosts_" tests="1" failures="0" timestamp="6 Jul 2021 07:35:21 GMT" time="92.630" errors="0">
  <testcase name="test" time="92.630" classname="testsuite.Node_Activity__TransferCosts_"/>
</testsuite> <!-- testsuite.Node_Activity__TransferCosts_ -->
