<?xml version="1.0" encoding="UTF-8"?>
<!-- Generated by org.testng.reporters.JUnitReportReporter -->
<testsuite hostname="INH-LT11" name="testsuite.Node_Activity__UpdateContractLine" tests="1" failures="0" timestamp="7 Jul 2021 08:53:17 GMT" time="118.511" errors="0">
  <testcase name="test" time="118.511" classname="testsuite.Node_Activity__UpdateContractLine"/>
</testsuite> <!-- testsuite.Node_Activity__UpdateContractLine -->
