<?xml version="1.0" encoding="UTF-8"?>
<!-- Generated by org.testng.reporters.JUnitReportReporter -->
<testsuite hostname="INH-LT11" name="testsuite.Node_Activity__ManageProjectBudget_" tests="1" failures="0" timestamp="8 Jul 2021 08:53:43 GMT" time="84.568" errors="0">
  <testcase name="test" time="84.568" classname="testsuite.Node_Activity__ManageProjectBudget_"/>
</testsuite> <!-- testsuite.Node_Activity__ManageProjectBudget_ -->
