<?xml version="1.0" encoding="UTF-8"?>
<!-- Generated by org.testng.reporters.JUnitReportReporter -->
<testsuite hostname="INH-LT11" name="testsuite.ProjectNumber____68_" tests="1" failures="0" timestamp="5 Jul 2021 08:59:00 GMT" time="92.987" errors="0">
  <testcase name="test" time="92.987" classname="testsuite.ProjectNumber____68_"/>
</testsuite> <!-- testsuite.ProjectNumber____68_ -->
