<?xml version="1.0" encoding="UTF-8"?>
<!-- Generated by org.testng.reporters.JUnitReportReporter -->
<testsuite hostname="INH-LT11" name="testsuite.Node_Activity__ResolveCostTransactionExceptions_" tests="1" failures="0" timestamp="6 Jul 2021 07:38:48 GMT" time="68.467" errors="0">
  <testcase name="test" time="68.467" classname="testsuite.Node_Activity__ResolveCostTransactionExceptions_"/>
</testsuite> <!-- testsuite.Node_Activity__ResolveCostTransactionExceptions_ -->
