<?xml version="1.0" encoding="UTF-8"?>
<!-- Generated by org.testng.reporters.JUnitReportReporter -->
<testsuite hostname="INH-LT11" name="testsuite.Actions___Billing" tests="1" failures="0" timestamp="7 Jul 2021 11:51:48 GMT" time="127.697" errors="0">
  <testcase name="test" time="127.697" classname="testsuite.Actions___Billing"/>
</testsuite> <!-- testsuite.Actions___Billing -->
