<?xml version="1.0" encoding="UTF-8"?>
<!-- Generated by org.testng.reporters.JUnitReportReporter -->
<testsuite hostname="INH-LT11" name="testsuite.Node_Activity__ApproveContract" tests="1" failures="0" timestamp="7 Jul 2021 07:32:13 GMT" time="133.850" errors="0">
  <testcase name="test" time="133.850" classname="testsuite.Node_Activity__ApproveContract"/>
</testsuite> <!-- testsuite.Node_Activity__ApproveContract -->
