<?xml version="1.0" encoding="UTF-8"?>
<!-- Generated by org.testng.reporters.JUnitReportReporter -->
<testsuite hostname="INH-LT11" name="testsuite.Node_Activity__BaselineProjectPlan_" tests="1" failures="0" timestamp="5 Jul 2021 06:52:20 GMT" time="93.048" errors="0">
  <testcase name="test" time="93.048" classname="testsuite.Node_Activity__BaselineProjectPlan_"/>
</testsuite> <!-- testsuite.Node_Activity__BaselineProjectPlan_ -->
