<?xml version="1.0" encoding="UTF-8"?>
<!-- Generated by org.testng.reporters.JUnitReportReporter -->
<testsuite hostname="INH-LT11" name="testsuite.Node_Activity__UpdateContractRateDetails" tests="1" failures="0" timestamp="7 Jul 2021 09:21:10 GMT" time="85.548" errors="0">
  <testcase name="test" time="85.548" classname="testsuite.Node_Activity__UpdateContractRateDetails"/>
</testsuite> <!-- testsuite.Node_Activity__UpdateContractRateDetails -->
